09:51:55 [INFO] Pool initialized
09:51:55 [TRACE] Pool (49): 1 2 3 4 5 6 7 8 9 10 11 12 13 14 15 16 17 18 19 20 21 22 23 24 25 26 27 28 29 30 31 32 33 34 35 36 37 38 39 40 41 42 43 44 45 46 47 48 49 
09:51:55 [TRACE] Out (0): 
09:51:55 [DEBUG] Pool shuffled
09:51:55 [TRACE] Pool (49): 12 46 43 7 27 20 40 33 37 30 36 16 49 47 31 15 28 6 21 9 41 24 5 23 39 8 35 25 1 10 11 44 14 32 4 26 19 2 34 13 45 42 3 48 38 29 22 17 18 
09:51:55 [TRACE] Out (0): 
09:51:55 [DEBUG] Pick 1 completed
09:51:55 [TRACE] Pool (48): 12 46 43 7 27 20 40 33 37 30 36 16 49 47 31 15 28 6 18 9 41 24 5 23 39 8 35 25 1 10 11 44 14 32 4 26 19 2 34 13 45 42 3 48 38 29 22 17 
09:51:55 [TRACE] Out (1): 21 
09:51:55 [DEBUG] Pool shuffled
09:51:55 [TRACE] Pool (48): 10 39 20 43 44 17 23 36 1 29 28 4 27 14 8 48 15 19 46 31 9 7 11 40 32 22 37 45 18 24 2 3 42 25 35 38 41 6 13 5 34 47 49 33 12 30 16 26 
09:51:55 [TRACE] Out (1): 21 
09:51:55 [DEBUG] Pick 2 completed
09:51:55 [TRACE] Pool (47): 10 39 20 43 44 17 23 36 1 29 28 4 27 14 8 48 15 19 46 31 9 7 11 40 32 22 37 45 18 24 2 3 42 25 35 38 41 6 13 5 34 47 49 33 12 30 16 
09:51:55 [TRACE] Out (2): 21 26 
09:51:55 [DEBUG] Pool shuffled
09:51:55 [TRACE] Pool (47): 19 8 43 41 38 48 11 4 23 16 5 6 30 1 3 45 17 10 24 9 29 15 13 40 42 31 20 14 47 7 34 39 22 28 49 33 12 27 18 2 36 44 37 32 46 25 35 
09:51:55 [TRACE] Out (2): 21 26 
09:51:55 [DEBUG] Pick 3 completed
09:51:55 [TRACE] Pool (46): 19 8 43 41 38 48 11 4 23 16 5 6 30 1 3 45 17 10 24 9 29 15 13 40 42 31 20 14 47 7 34 39 22 28 49 33 12 27 18 35 36 44 37 32 46 25 
09:51:55 [TRACE] Out (3): 21 26 2 
09:51:55 [DEBUG] Pool shuffled
09:51:55 [TRACE] Pool (46): 27 48 31 30 17 12 24 29 14 40 47 22 44 5 49 20 6 11 32 25 41 46 3 16 23 4 15 19 13 34 42 10 18 28 45 39 9 8 38 7 36 1 37 35 33 43 
09:51:55 [TRACE] Out (3): 21 26 2 
09:51:55 [DEBUG] Pick 4 completed
09:51:55 [TRACE] Pool (45): 27 48 31 30 17 12 24 29 14 40 47 22 44 5 49 20 6 11 32 43 41 46 3 16 23 4 15 19 13 34 42 10 18 28 45 39 9 8 38 7 36 1 37 35 33 
09:51:55 [TRACE] Out (4): 21 26 2 25 
09:51:55 [DEBUG] Pool shuffled
09:51:55 [TRACE] Pool (45): 38 23 37 7 46 48 31 45 12 27 1 14 4 9 43 42 39 47 33 29 16 20 3 24 40 6 35 28 22 15 19 5 49 41 32 36 13 8 10 17 30 34 44 18 11 
09:51:55 [TRACE] Out (4): 21 26 2 25 
09:51:55 [DEBUG] Pick 5 completed
09:51:55 [TRACE] Pool (44): 38 23 37 7 46 48 31 45 12 27 1 14 4 9 43 11 39 47 33 29 16 20 3 24 40 6 35 28 22 15 19 5 49 41 32 36 13 8 10 17 30 34 44 18 
09:51:55 [TRACE] Out (5): 21 26 2 25 42 
09:51:55 [DEBUG] Pool shuffled
09:51:55 [TRACE] Pool (44): 6 3 44 27 17 13 8 24 1 43 12 41 20 7 5 19 28 47 4 29 40 18 22 33 10 31 11 30 45 49 39 46 15 32 9 38 23 37 16 48 34 14 35 36 
09:51:55 [TRACE] Out (5): 21 26 2 25 42 
09:51:55 [DEBUG] Pick 6 completed
09:51:55 [TRACE] Pool (43): 6 3 44 27 17 13 8 24 1 43 12 41 20 7 5 19 28 47 4 29 40 18 22 33 10 36 11 30 45 49 39 46 15 32 9 38 23 37 16 48 34 14 35 
09:51:55 [TRACE] Out (6): 21 26 2 25 42 31 
09:51:55 [INFO] Draw complete
09:51:55 [TRACE] Pool (43): 6 3 44 27 17 13 8 24 1 43 12 41 20 7 5 19 28 47 4 29 40 18 22 33 10 36 11 30 45 49 39 46 15 32 9 38 23 37 16 48 34 14 35 
09:51:55 [TRACE] Out (6): 21 26 2 25 42 31 
09:51:55 [INFO] Final Draw: 21 26 2 25 42 31 
09:59:35 [INFO] Pool initialized
09:59:35 [TRACE] Pool (49): 1 2 3 4 5 6 7 8 9 10 11 12 13 14 15 16 17 18 19 20 21 22 23 24 25 26 27 28 29 30 31 32 33 34 35 36 37 38 39 40 41 42 43 44 45 46 47 48 49 
09:59:35 [TRACE] Out (0): 
09:59:35 [DEBUG] Pool shuffled
09:59:35 [TRACE] Pool (49): 9 42 19 44 24 29 32 3 22 31 6 7 25 1 18 39 12 2 37 48 5 23 13 43 34 10 16 36 38 8 40 17 4 33 27 26 47 35 49 15 41 21 11 14 46 30 45 20 28 
09:59:35 [TRACE] Out (0): 
09:59:35 [DEBUG] Pick 1 completed
09:59:35 [TRACE] Pool (48): 9 42 19 44 24 29 32 3 22 31 6 7 25 1 18 39 12 2 37 48 5 28 13 43 34 10 16 36 38 8 40 17 4 33 27 26 47 35 49 15 41 21 11 14 46 30 45 20 
09:59:35 [TRACE] Out (1): 23 
09:59:35 [DEBUG] Pool shuffled
09:59:35 [TRACE] Pool (48): 40 30 19 7 48 38 42 31 34 21 8 15 13 3 33 20 12 32 10 46 37 17 18 16 49 5 24 43 47 25 45 41 29 14 4 39 1 9 11 6 2 44 35 22 26 36 27 28 
09:59:35 [TRACE] Out (1): 23 
09:59:35 [DEBUG] Pick 2 completed
09:59:35 [TRACE] Pool (47): 40 30 19 7 48 38 42 31 34 21 8 15 13 3 33 20 12 32 10 46 37 17 18 16 49 5 24 43 47 28 45 41 29 14 4 39 1 9 11 6 2 44 35 22 26 36 27 
09:59:35 [TRACE] Out (2): 23 25 
09:59:35 [DEBUG] Pool shuffled
09:59:35 [TRACE] Pool (47): 45 41 16 7 13 3 2 35 10 19 34 17 21 1 8 15 44 11 32 9 28 22 14 30 26 18 4 36 49 48 38 5 46 24 37 40 43 29 42 27 12 47 33 31 6 39 20 
09:59:35 [TRACE] Out (2): 23 25 
09:59:35 [DEBUG] Pick 3 completed
09:59:35 [TRACE] Pool (46): 45 41 16 20 13 3 2 35 10 19 34 17 21 1 8 15 44 11 32 9 28 22 14 30 26 18 4 36 49 48 38 5 46 24 37 40 43 29 42 27 12 47 33 31 6 39 
09:59:35 [TRACE] Out (3): 23 25 7 
09:59:35 [DEBUG] Pool shuffled
09:59:35 [TRACE] Pool (46): 28 49 4 17 22 3 20 46 36 48 16 18 9 43 29 33 41 42 2 10 5 1 37 14 12 30 45 32 31 40 35 6 8 27 26 34 47 38 11 24 15 39 44 21 13 19 
09:59:35 [TRACE] Out (3): 23 25 7 
09:59:35 [DEBUG] Pick 4 completed
09:59:35 [TRACE] Pool (45): 28 49 4 17 22 3 20 46 36 48 16 18 9 43 29 33 19 42 2 10 5 1 37 14 12 30 45 32 31 40 35 6 8 27 26 34 47 38 11 24 15 39 44 21 13 
09:59:35 [TRACE] Out (4): 23 25 7 41 
09:59:35 [DEBUG] Pool shuffled
09:59:35 [TRACE] Pool (45): 46 27 38 45 40 42 31 43 3 30 29 36 9 5 32 37 1 12 33 11 19 20 44 16 21 18 48 28 14 34 39 6 47 2 35 24 13 17 49 8 15 10 4 26 22 
09:59:35 [TRACE] Out (4): 23 25 7 41 
09:59:35 [DEBUG] Pick 5 completed
09:59:35 [TRACE] Pool (44): 46 27 22 45 40 42 31 43 3 30 29 36 9 5 32 37 1 12 33 11 19 20 44 16 21 18 48 28 14 34 39 6 47 2 35 24 13 17 49 8 15 10 4 26 
09:59:35 [TRACE] Out (5): 23 25 7 41 38 
09:59:35 [DEBUG] Pool shuffled
09:59:35 [TRACE] Pool (44): 16 43 32 6 44 26 13 27 20 37 4 46 36 28 5 24 21 40 15 8 2 29 48 35 31 3 11 18 19 47 22 42 34 17 12 39 9 14 45 49 1 10 30 33 
09:59:35 [TRACE] Out (5): 23 25 7 41 38 
09:59:35 [DEBUG] Pick 6 completed
09:59:35 [TRACE] Pool (43): 16 43 32 6 44 26 13 27 20 37 4 46 36 28 5 24 21 40 15 8 2 29 48 35 31 33 11 18 19 47 22 42 34 17 12 39 9 14 45 49 1 10 30 
09:59:35 [TRACE] Out (6): 23 25 7 41 38 3 
09:59:35 [INFO] Draw complete
09:59:35 [TRACE] Pool (43): 16 43 32 6 44 26 13 27 20 37 4 46 36 28 5 24 21 40 15 8 2 29 48 35 31 33 11 18 19 47 22 42 34 17 12 39 9 14 45 49 1 10 30 
09:59:35 [TRACE] Out (6): 23 25 7 41 38 3 
09:59:35 [INFO] Final Draw: 23 25 7 41 38 3 
17:14:02 [INFO] Pool initialized
17:14:02 [INFO] Draw complete
17:14:02 [INFO] Pool initialized
17:14:02 [INFO] Draw complete
17:14:17 [INFO] Pool initialized
17:14:17 [INFO] Draw complete
17:14:17 [INFO] Pool initialized
17:14:17 [INFO] Draw complete
17:14:41 [INFO] Pool initialized
17:14:41 [INFO] Draw complete
17:14:41 [INFO] Pool initialized
17:14:41 [INFO] Draw complete
17:14:43 [INFO] Pool initialized
17:14:43 [INFO] Draw complete
17:14:43 [INFO] Pool initialized
17:14:43 [INFO] Draw complete
17:14:44 [INFO] Pool initialized
17:14:44 [INFO] Draw complete
17:14:44 [INFO] Pool initialized
17:14:44 [INFO] Draw complete
17:14:45 [INFO] Pool initialized
17:14:45 [INFO] Draw complete
17:14:45 [INFO] Pool initialized
17:14:45 [INFO] Draw complete
17:14:45 [INFO] Pool initialized
17:14:45 [INFO] Draw complete
17:14:45 [INFO] Pool initialized
17:14:45 [INFO] Draw complete
17:14:51 [INFO] Pool initialized
17:14:51 [INFO] Draw complete
17:14:51 [INFO] Pool initialized
17:14:51 [INFO] Draw complete
17:24:58 [INFO] Pool initialized
17:24:58 [INFO] Draw complete
17:24:58 [INFO] Pool initialized
17:24:58 [INFO] Draw complete
17:25:00 [INFO] Pool initialized
17:25:00 [INFO] Draw complete
17:25:00 [INFO] Pool initialized
17:25:00 [INFO] Draw complete
17:25:02 [INFO] Pool initialized
17:25:02 [INFO] Draw complete
17:25:02 [INFO] Pool initialized
17:25:02 [INFO] Draw complete
17:25:03 [INFO] Pool initialized
17:25:03 [INFO] Draw complete
17:25:03 [INFO] Pool initialized
17:25:03 [INFO] Draw complete
17:25:04 [INFO] Pool initialized
17:25:04 [INFO] Draw complete
17:25:04 [INFO] Pool initialized
17:25:04 [INFO] Draw complete
17:25:10 [INFO] Pool initialized
17:25:10 [INFO] Draw complete
17:25:10 [INFO] Pool initialized
17:25:10 [INFO] Draw complete
17:25:19 [INFO] Pool initialized
17:25:19 [INFO] Draw complete
17:25:19 [INFO] Pool initialized
17:25:19 [INFO] Draw complete
17:25:25 [INFO] Pool initialized
17:25:25 [INFO] Draw complete
17:25:25 [INFO] Pool initialized
17:25:25 [INFO] Draw complete
17:25:28 [INFO] Pool initialized
17:25:28 [INFO] Draw complete
17:25:28 [INFO] Pool initialized
17:25:28 [INFO] Draw complete
17:25:30 [INFO] Pool initialized
17:25:30 [INFO] Draw complete
17:25:30 [INFO] Pool initialized
17:25:30 [INFO] Draw complete
17:25:31 [INFO] Pool initialized
17:25:31 [INFO] Draw complete
17:25:31 [INFO] Pool initialized
17:25:31 [INFO] Draw complete
17:25:32 [INFO] Pool initialized
17:25:32 [INFO] Draw complete
17:25:32 [INFO] Pool initialized
17:25:32 [INFO] Draw complete
17:25:33 [INFO] Pool initialized
17:25:33 [INFO] Draw complete
17:25:33 [INFO] Pool initialized
17:25:33 [INFO] Draw complete
17:25:40 [INFO] Pool initialized
17:25:40 [INFO] Draw complete
17:25:40 [INFO] Pool initialized
17:25:40 [INFO] Draw complete
